<?xml version="1.0" encoding="UTF-8"?>
<!-- Generated by org.testng.reporters.JUnitReportReporter -->
<testsuite hostname="W2-VDEV-MICH9" name="maviebase.MovieServiceTest" tests="1" failures="0" timestamp="10 Jan 2014 19:55:08 GMT" time="0.043" errors="0">
  <testcase name="addAMovieandGetTheTotal" time="0.043" classname="maviebase.MovieServiceTest"/>
</testsuite> <!-- maviebase.MovieServiceTest -->
